# JRE version: OpenJDK Runtime Environment Temurin-17.0.12+7 (17.0.12+7) (build 17.0.12+7)
# Java VM: OpenJDK 64-Bit Server VM Temurin-17.0.12+7 (17.0.12+7, mixed mode, emulated-client, tiered, compressed oops, compressed class ptrs, g1 gc, windows-amd64)
GC Precious Log:
 CPUs: 8 total, 8 available
 Memory: 16280M
 Large Page Support: Disabled
 NUMA Support: Disabled
 Compressed Oops: Enabled (32-bit)
 Heap Region Size: 1M
 Heap Min Capacity: 8M
 Heap Initial Capacity: 256M
 Heap Max Capacity: 1G
 Pre-touch: Disabled
 Parallel Workers: 8
 Concurrent Workers: 2
 Concurrent Refinement Workers: 8
 Periodic GC: Disabled
Heap:
 garbage-first heap   total 102400K, used 39390K [0x00000000c0000000, 0x0000000100000000)
  region size 1024K, 2 young (2048K), 0 survivors (0K)
 Metaspace       used 62608K, committed 63040K, reserved 1114112K
  class space    used 7691K, committed 7872K, reserved 1048576K
GC Heap History (20 events):
Event: 1232.317 GC heap before
{Heap before GC invocations=111 (full 94):
 garbage-first heap   total 102400K, used 38366K [0x00000000c0000000, 0x0000000100000000)
  region size 1024K, 1 young (1024K), 0 survivors (0K)
 Metaspace       used 62608K, committed 63040K, reserved 1114112K
  class space    used 7691K, committed 7872K, reserved 1048576K
}
Event: 1232.349 GC heap after
{Heap after GC invocations=112 (full 95):
 garbage-first heap   total 102400K, used 38366K [0x00000000c0000000, 0x0000000100000000)
  region size 1024K, 0 young (0K), 0 survivors (0K)
 Metaspace       used 62608K, committed 63040K, reserved 1114112K
  class space    used 7691K, committed 7872K, reserved 1048576K
}
Event: 1242.533 GC heap before
{Heap before GC invocations=112 (full 95):
 garbage-first heap   total 102400K, used 38366K [0x00000000c0000000, 0x0000000100000000)
  region size 1024K, 1 young (1024K), 0 survivors (0K)
 Metaspace       used 62608K, committed 63040K, reserved 1114112K
  class space    used 7691K, committed 7872K, reserved 1048576K
}
Event: 1242.560 GC heap after
{Heap after GC invocations=113 (full 96):
 garbage-first heap   total 102400K, used 38366K [0x00000000c0000000, 0x0000000100000000)
  region size 1024K, 0 young (0K), 0 survivors (0K)
 Metaspace       used 62608K, committed 63040K, reserved 1114112K
  class space    used 7691K, committed 7872K, reserved 1048576K
}
Event: 1253.169 GC heap before
{Heap before GC invocations=113 (full 96):
 garbage-first heap   total 102400K, used 38366K [0x00000000c0000000, 0x0000000100000000)
  region size 1024K, 1 young (1024K), 0 survivors (0K)
 Metaspace       used 62608K, committed 63040K, reserved 1114112K
  class space    used 7691K, committed 7872K, reserved 1048576K
}
Event: 1253.248 GC heap after
{Heap after GC invocations=114 (full 97):
 garbage-first heap   total 102400K, used 38366K [0x00000000c0000000, 0x0000000100000000)
  region size 1024K, 0 young (0K), 0 survivors (0K)
 Metaspace       used 62608K, committed 63040K, reserved 1114112K
  class space    used 7691K, committed 7872K, reserved 1048576K
}
Event: 1263.497 GC heap before
{Heap before GC invocations=114 (full 97):
 garbage-first heap   total 102400K, used 38366K [0x00000000c0000000, 0x0000000100000000)
  region size 1024K, 1 young (1024K), 0 survivors (0K)
 Metaspace       used 62608K, committed 63040K, reserved 1114112K
  class space    used 7691K, committed 7872K, reserved 1048576K
}
Event: 1263.537 GC heap after
{Heap after GC invocations=115 (full 98):
 garbage-first heap   total 102400K, used 38366K [0x00000000c0000000, 0x0000000100000000)
  region size 1024K, 0 young (0K), 0 survivors (0K)
 Metaspace       used 62608K, committed 63040K, reserved 1114112K
  class space    used 7691K, committed 7872K, reserved 1048576K
}
Event: 1273.790 GC heap before
{Heap before GC invocations=115 (full 98):
 garbage-first heap   total 102400K, used 38366K [0x00000000c0000000, 0x0000000100000000)
  region size 1024K, 1 young (1024K), 0 survivors (0K)
 Metaspace       used 62608K, committed 63040K, reserved 1114112K
  class space    used 7691K, committed 7872K, reserved 1048576K
}
Event: 1273.824 GC heap after
{Heap after GC invocations=116 (full 99):
 garbage-first heap   total 102400K, used 38366K [0x00000000c0000000, 0x0000000100000000)
  region size 1024K, 0 young (0K), 0 survivors (0K)
 Metaspace       used 62608K, committed 63040K, reserved 1114112K
  class space    used 7691K, committed 7872K, reserved 1048576K
}
Event: 1284.028 GC heap before
{Heap before GC invocations=116 (full 99):
 garbage-first heap   total 102400K, used 38366K [0x00000000c0000000, 0x0000000100000000)
  region size 1024K, 1 young (1024K), 0 survivors (0K)
 Metaspace       used 62608K, committed 63040K, reserved 1114112K
  class space    used 7691K, committed 7872K, reserved 1048576K
}
Event: 1284.062 GC heap after
{Heap after GC invocations=117 (full 100):
 garbage-first heap   total 102400K, used 38366K [0x00000000c0000000, 0x0000000100000000)
  region size 1024K, 0 young (0K), 0 survivors (0K)
 Metaspace       used 62608K, committed 63040K, reserved 1114112K
  class space    used 7691K, committed 7872K, reserved 1048576K
}
Event: 1294.238 GC heap before
{Heap before GC invocations=117 (full 100):
 garbage-first heap   total 102400K, used 38366K [0x00000000c0000000, 0x0000000100000000)
  region size 1024K, 1 young (1024K), 0 survivors (0K)
 Metaspace       used 62608K, committed 63040K, reserved 1114112K
  class space    used 7691K, committed 7872K, reserved 1048576K
}
Event: 1294.274 GC heap after
{Heap after GC invocations=118 (full 101):
 garbage-first heap   total 102400K, used 38366K [0x00000000c0000000, 0x0000000100000000)
  region size 1024K, 0 young (0K), 0 survivors (0K)
 Metaspace       used 62608K, committed 63040K, reserved 1114112K
  class space    used 7691K, committed 7872K, reserved 1048576K
}
Event: 1304.589 GC heap before
{Heap before GC invocations=118 (full 101):
 garbage-first heap   total 102400K, used 38366K [0x00000000c0000000, 0x0000000100000000)
  region size 1024K, 1 young (1024K), 0 survivors (0K)
 Metaspace       used 62608K, committed 63040K, reserved 1114112K
  class space    used 7691K, committed 7872K, reserved 1048576K
}
Event: 1304.626 GC heap after
{Heap after GC invocations=119 (full 102):
 garbage-first heap   total 102400K, used 38366K [0x00000000c0000000, 0x0000000100000000)
  region size 1024K, 0 young (0K), 0 survivors (0K)
 Metaspace       used 62608K, committed 63040K, reserved 1114112K
  class space    used 7691K, committed 7872K, reserved 1048576K
}
Event: 1315.213 GC heap before
{Heap before GC invocations=119 (full 102):
 garbage-first heap   total 102400K, used 38366K [0x00000000c0000000, 0x0000000100000000)
  region size 1024K, 1 young (1024K), 0 survivors (0K)
 Metaspace       used 62608K, committed 63040K, reserved 1114112K
  class space    used 7691K, committed 7872K, reserved 1048576K
}
Event: 1315.279 GC heap after
{Heap after GC invocations=120 (full 103):
 garbage-first heap   total 102400K, used 38366K [0x00000000c0000000, 0x0000000100000000)
  region size 1024K, 0 young (0K), 0 survivors (0K)
 Metaspace       used 62608K, committed 63040K, reserved 1114112K
  class space    used 7691K, committed 7872K, reserved 1048576K
}
Event: 1329.821 GC heap before
{Heap before GC invocations=120 (full 103):
 garbage-first heap   total 102400K, used 38366K [0x00000000c0000000, 0x0000000100000000)
  region size 1024K, 1 young (1024K), 0 survivors (0K)
 Metaspace       used 62608K, committed 63040K, reserved 1114112K
  class space    used 7691K, committed 7872K, reserved 1048576K
}
Event: 1329.894 GC heap after
{Heap after GC invocations=121 (full 104):
 garbage-first heap   total 102400K, used 38366K [0x00000000c0000000, 0x0000000100000000)
  region size 1024K, 0 young (0K), 0 survivors (0K)
 Metaspace       used 62608K, committed 63040K, reserved 1114112K
  class space    used 7691K, committed 7872K, reserved 1048576K
}

